<?xml version="1.0" encoding="UTF-8"?>
<!-- Generated by org.testng.reporters.JUnitXMLReporter -->
<testsuite ignored="0" hostname="DESKTOP-1JNDGSA" failures="0" tests="3" name="Test" time="262.166" errors="0" timestamp="2023-10-09T11:51:14 IST">
  <testcase classname="practice1.Maven3.Drag" name="drop" time="68.666"/>
  <testcase classname="practice1.Maven3.Drag" name="tooltip" time="81.735"/>
  <testcase classname="practice1.Maven3.Upload" name="check" time="38.199"/>
</testsuite> <!-- Test -->
